<?xml version="1.0" encoding="UTF-8"?>
<testng-results skipped="0" failed="1" total="7" passed="6">
  <reporter-output>
  </reporter-output>
  <suite name="Default suite" duration-ms="1979" started-at="2016-09-26T08:38:33Z" finished-at="2016-09-26T08:38:35Z">
    <groups>
    </groups>
    <test name="Default test" duration-ms="1979" started-at="2016-09-26T08:38:33Z" finished-at="2016-09-26T08:38:35Z">
      <class name="com.yanxiu.test.TestTrainList">
        <test-method status="PASS" signature="setUp()[pri:0, instance:com.yanxiu.test.TestTrainList@31a5c39e]" name="setUp" is-config="true" duration-ms="1" started-at="2016-09-26T16:38:35Z" finished-at="2016-09-26T16:38:35Z">
          <reporter-output>
          </reporter-output>
        </test-method> <!-- setUp -->
        <test-method status="PASS" signature="testTrainList(java.lang.String, java.lang.String, java.lang.String, java.lang.String, org.json.JSONObject)[pri:0, instance:com.yanxiu.test.TestTrainList@31a5c39e]" name="testTrainList" duration-ms="80" started-at="2016-09-26T16:38:35Z" data-provider="paramInfo" finished-at="2016-09-26T16:38:35Z">
          <params>
            <param index="0">
              <value>
                <![CDATA[testTrainMultiProjects]]>
              </value>
            </param>
            <param index="1">
              <value>
                <![CDATA[http://mobile.yanxiu.com/v20/api/guopei/trainlist]]>
              </value>
            </param>
            <param index="2">
              <value>
                <![CDATA[GET]]>
              </value>
            </param>
            <param index="3">
              <value>
                <![CDATA[os=0&ver=2.0&token=5372dd841e2ca489c6ec92c0dcc51fed]]>
              </value>
            </param>
            <param index="4">
              <value>
                <![CDATA[{"$schema":"http://json-schema.org/draft-04/schema#","type":"object","properties":{"code":{"type":"string","enum":["0"]},"debugDesc":{"type":"string"},"BaseBeanCreateTime":{"type":"integer"},"body":{"type":"object","properties":{"total":{"type":"string"},"trains":{"type":"array","items":{"type":"object","properties":{"w":{"type":"string","enum":["1","2","3","4"]},"name":{"type":"string"},"BaseBeanCreateTime":{"type":"integer"},"pid":{"type":"string"},"pic":{"type":"string"},"status":{"type":"string"}},"required":["BaseBeanCreateTime","pid","name","pic","w","status"]}}},"required":["total","trains"]},"desc":{"type":"string","enum":["返回数据成功"]}},"required":["BaseBeanCreateTime","code","debugDesc","desc","body"]}]]>
              </value>
            </param>
          </params>
          <reporter-output>
          </reporter-output>
        </test-method> <!-- testTrainList -->
        <test-method status="PASS" signature="testTrainList(java.lang.String, java.lang.String, java.lang.String, java.lang.String, org.json.JSONObject)[pri:0, instance:com.yanxiu.test.TestTrainList@31a5c39e]" name="testTrainList" duration-ms="39" started-at="2016-09-26T16:38:35Z" data-provider="paramInfo" finished-at="2016-09-26T16:38:35Z">
          <params>
            <param index="0">
              <value>
                <![CDATA[testTrainHasNoProject]]>
              </value>
            </param>
            <param index="1">
              <value>
                <![CDATA[http://mobile.yanxiu.com/v20/api/guopei/trainlist]]>
              </value>
            </param>
            <param index="2">
              <value>
                <![CDATA[GET]]>
              </value>
            </param>
            <param index="3">
              <value>
                <![CDATA[os=0&ver=2.0&token=b7458e92c55c295b1e7030ae79dcfe6a]]>
              </value>
            </param>
            <param index="4">
              <value>
                <![CDATA[{"$schema":"http://json-schema.org/draft-04/schema#","type":"object","properties":{"code":{"type":"string"},"debugDesc":{"type":"string"},"BaseBeanCreateTime":{"type":"integer"},"body":{"type":"object","properties":{"total":{"type":"string","enum":["0"]},"trains":{"type":"array","items":{},"maxLength":0}},"required":["total","trains"]},"desc":{"type":"string"}},"required":["BaseBeanCreateTime","code","debugDesc","desc","body"]}]]>
              </value>
            </param>
          </params>
          <reporter-output>
          </reporter-output>
        </test-method> <!-- testTrainList -->
      </class> <!-- com.yanxiu.test.TestTrainList -->
      <class name="com.yanxiu.test.TestLogin">
        <test-method status="PASS" signature="setUp()[pri:0, instance:com.yanxiu.test.TestLogin@5f2108b5]" name="setUp" is-config="true" duration-ms="0" started-at="2016-09-26T16:38:33Z" finished-at="2016-09-26T16:38:33Z">
          <reporter-output>
          </reporter-output>
        </test-method> <!-- setUp -->
        <test-method status="FAIL" signature="testLogin(java.lang.String, java.lang.String, java.lang.String, java.lang.String, org.json.JSONObject)[pri:0, instance:com.yanxiu.test.TestLogin@5f2108b5]" name="testLogin" duration-ms="1089" started-at="2016-09-26T16:38:33Z" data-provider="paramInfo" finished-at="2016-09-26T16:38:34Z">
          <params>
            <param index="0">
              <value>
                <![CDATA[testLoginwithCorrectInfo]]>
              </value>
            </param>
            <param index="1">
              <value>
                <![CDATA[http://u.yanxiu.com/login.json]]>
              </value>
            </param>
            <param index="2">
              <value>
                <![CDATA[GET]]>
              </value>
            </param>
            <param index="3">
              <value>
                <![CDATA[loginName=XY02735506@yanxiu.com&password=123456&token=]]>
              </value>
            </param>
            <param index="4">
              <value>
                <![CDATA[{"$schema":"http://json-schema.org/draft-04/schema#","type":"object","properties":{"head":{"type":"string"},"uid":{"type":"integer"},"code":{"type":"integer","enum":[1]},"debug":{"type":"string"},"data":{"type":"string"},"uname":{"type":"string"},"actiFlag":{"type":"integer"},"desc":{"type":"string"},"token":{"type":"string"}},"required":["code","data","desc","token","actiFlag","uid","uname","head","debug"]}]]>
              </value>
            </param>
          </params>
          <exception class="java.lang.AssertionError">
            <message>
              <![CDATA[com.github.fge.jsonschema.core.report.ListProcessingReport: failure
--- BEGIN MESSAGES ---
error: instance value (0) not found in enum (possible values: [1])
    level: "error"
    schema: {"loadingURI":"#","pointer":"/properties/code"}
    instance: {"pointer":"/code"}
    domain: "validation"
    keyword: "enum"
    value: 0
    enum: [1]
---  END MESSAGES  ---
 expected [true] but found [false]]]>
            </message>
            <full-stacktrace>
              <![CDATA[java.lang.AssertionError: com.github.fge.jsonschema.core.report.ListProcessingReport: failure
--- BEGIN MESSAGES ---
error: instance value (0) not found in enum (possible values: [1])
    level: "error"
    schema: {"loadingURI":"#","pointer":"/properties/code"}
    instance: {"pointer":"/code"}
    domain: "validation"
    keyword: "enum"
    value: 0
    enum: [1]
---  END MESSAGES  ---
 expected [true] but found [false]
	at org.testng.Assert.fail(Assert.java:94)
	at org.testng.Assert.failNotEquals(Assert.java:513)
	at org.testng.Assert.assertTrue(Assert.java:42)
	at com.yanxiu.test.BaseCase.runCase(BaseCase.java:190)
	at com.yanxiu.test.TestLogin.testLogin(TestLogin.java:193)
	at sun.reflect.NativeMethodAccessorImpl.invoke0(Native Method)
	at sun.reflect.NativeMethodAccessorImpl.invoke(NativeMethodAccessorImpl.java:62)
	at sun.reflect.DelegatingMethodAccessorImpl.invoke(DelegatingMethodAccessorImpl.java:43)
	at java.lang.reflect.Method.invoke(Method.java:498)
	at org.testng.internal.MethodInvocationHelper.invokeMethod(MethodInvocationHelper.java:100)
	at org.testng.internal.Invoker.invokeMethod(Invoker.java:646)
	at org.testng.internal.Invoker.invokeTestMethod(Invoker.java:811)
	at org.testng.internal.Invoker.invokeTestMethods(Invoker.java:1129)
	at org.testng.internal.TestMethodWorker.invokeTestMethods(TestMethodWorker.java:129)
	at org.testng.internal.TestMethodWorker.run(TestMethodWorker.java:112)
	at org.testng.TestRunner.privateRun(TestRunner.java:746)
	at org.testng.TestRunner.run(TestRunner.java:600)
	at org.testng.SuiteRunner.runTest(SuiteRunner.java:366)
	at org.testng.SuiteRunner.runSequentially(SuiteRunner.java:361)
	at org.testng.SuiteRunner.privateRun(SuiteRunner.java:319)
	at org.testng.SuiteRunner.run(SuiteRunner.java:268)
	at org.testng.SuiteRunnerWorker.runSuite(SuiteRunnerWorker.java:52)
	at org.testng.SuiteRunnerWorker.run(SuiteRunnerWorker.java:86)
	at org.testng.TestNG.runSuitesSequentially(TestNG.java:1264)
	at org.testng.TestNG.runSuitesLocally(TestNG.java:1189)
	at org.testng.TestNG.runSuites(TestNG.java:1104)
	at org.testng.TestNG.run(TestNG.java:1076)
	at org.testng.remote.AbstractRemoteTestNG.run(AbstractRemoteTestNG.java:126)
	at org.testng.remote.RemoteTestNG.initAndRun(RemoteTestNG.java:152)
	at org.testng.remote.RemoteTestNG.main(RemoteTestNG.java:57)
]]>
            </full-stacktrace>
          </exception> <!-- java.lang.AssertionError -->
          <reporter-output>
          </reporter-output>
        </test-method> <!-- testLogin -->
        <test-method status="PASS" signature="testLogin(java.lang.String, java.lang.String, java.lang.String, java.lang.String, org.json.JSONObject)[pri:0, instance:com.yanxiu.test.TestLogin@5f2108b5]" name="testLogin" duration-ms="61" started-at="2016-09-26T16:38:35Z" data-provider="paramInfo" finished-at="2016-09-26T16:38:35Z">
          <params>
            <param index="0">
              <value>
                <![CDATA[testLoginwithIncorrectPassword]]>
              </value>
            </param>
            <param index="1">
              <value>
                <![CDATA[http://u.yanxiu.com/login.json]]>
              </value>
            </param>
            <param index="2">
              <value>
                <![CDATA[GET]]>
              </value>
            </param>
            <param index="3">
              <value>
                <![CDATA[loginName=XY02735506@yanxiu.com&password=12345&token=]]>
              </value>
            </param>
            <param index="4">
              <value>
                <![CDATA[{"$schema":"http://json-schema.org/draft-04/schema#","type":"object","properties":{"code":{"type":"integer","enum":[1]},"data":{"type":"string"},"desc":{"type":"string","enum":["密码错误"]}},"required":["code","data","desc"]}]]>
              </value>
            </param>
          </params>
          <reporter-output>
          </reporter-output>
        </test-method> <!-- testLogin -->
        <test-method status="PASS" signature="testLogin(java.lang.String, java.lang.String, java.lang.String, java.lang.String, org.json.JSONObject)[pri:0, instance:com.yanxiu.test.TestLogin@5f2108b5]" name="testLogin" duration-ms="42" started-at="2016-09-26T16:38:35Z" data-provider="paramInfo" finished-at="2016-09-26T16:38:35Z">
          <params>
            <param index="0">
              <value>
                <![CDATA[testLoginwithNonExistUser]]>
              </value>
            </param>
            <param index="1">
              <value>
                <![CDATA[http://u.yanxiu.com/login.json]]>
              </value>
            </param>
            <param index="2">
              <value>
                <![CDATA[GET]]>
              </value>
            </param>
            <param index="3">
              <value>
                <![CDATA[loginName=XY78&password=123456&token=]]>
              </value>
            </param>
            <param index="4">
              <value>
                <![CDATA[{"$schema":"http://json-schema.org/draft-04/schema#","type":"object","properties":{"code":{"type":"integer","enum":[1]},"data":{"type":"string"},"desc":{"type":"string","enum":["用户不存在"]}},"required":["code","data","desc"]}]]>
              </value>
            </param>
          </params>
          <reporter-output>
          </reporter-output>
        </test-method> <!-- testLogin -->
        <test-method status="PASS" signature="testLogin(java.lang.String, java.lang.String, java.lang.String, java.lang.String, org.json.JSONObject)[pri:0, instance:com.yanxiu.test.TestLogin@5f2108b5]" name="testLogin" duration-ms="34" started-at="2016-09-26T16:38:35Z" data-provider="paramInfo" finished-at="2016-09-26T16:38:35Z">
          <params>
            <param index="0">
              <value>
                <![CDATA[testLoginWithoutLoginName]]>
              </value>
            </param>
            <param index="1">
              <value>
                <![CDATA[http://u.yanxiu.com/login.json]]>
              </value>
            </param>
            <param index="2">
              <value>
                <![CDATA[GET]]>
              </value>
            </param>
            <param index="3">
              <value>
                <![CDATA[password=123456&token=]]>
              </value>
            </param>
            <param index="4">
              <value>
                <![CDATA[{"$schema":"http://json-schema.org/draft-04/schema#","type":"object","properties":{"code":{"type":"integer","enum":[1]},"data":{"type":"string"},"desc":{"type":"string","enum":["登录名和密码必填"]}},"required":["code","data","desc"]}]]>
              </value>
            </param>
          </params>
          <reporter-output>
          </reporter-output>
        </test-method> <!-- testLogin -->
        <test-method status="PASS" signature="testLogin(java.lang.String, java.lang.String, java.lang.String, java.lang.String, org.json.JSONObject)[pri:0, instance:com.yanxiu.test.TestLogin@5f2108b5]" name="testLogin" duration-ms="152" started-at="2016-09-26T16:38:35Z" data-provider="paramInfo" finished-at="2016-09-26T16:38:35Z">
          <params>
            <param index="0">
              <value>
                <![CDATA[testLoginWithoutPassword]]>
              </value>
            </param>
            <param index="1">
              <value>
                <![CDATA[http://u.yanxiu.com/login.json]]>
              </value>
            </param>
            <param index="2">
              <value>
                <![CDATA[GET]]>
              </value>
            </param>
            <param index="3">
              <value>
                <![CDATA[loginName=XY02735506@yanxiu.com&token=]]>
              </value>
            </param>
            <param index="4">
              <value>
                <![CDATA[{"$schema":"http://json-schema.org/draft-04/schema#","type":"object","properties":{"code":{"type":"integer","enum":[1]},"data":{"type":"string"},"desc":{"type":"string","enum":["登录名和密码必填"]}},"required":["code","data","desc"]}]]>
              </value>
            </param>
          </params>
          <reporter-output>
          </reporter-output>
        </test-method> <!-- testLogin -->
        <test-method status="PASS" signature="tearDown()[pri:0, instance:com.yanxiu.test.TestLogin@5f2108b5]" name="tearDown" is-config="true" duration-ms="10" started-at="2016-09-26T16:38:35Z" finished-at="2016-09-26T16:38:35Z">
          <reporter-output>
          </reporter-output>
        </test-method> <!-- tearDown -->
      </class> <!-- com.yanxiu.test.TestLogin -->
      <class name="com.yanxiu.test.BaseCase">
        <test-method status="PASS" signature="setUp()[pri:0, instance:com.yanxiu.test.BaseCase@e45f292]" name="setUp" is-config="true" duration-ms="212" started-at="2016-09-26T16:38:33Z" finished-at="2016-09-26T16:38:33Z">
          <reporter-output>
          </reporter-output>
        </test-method> <!-- setUp -->
      </class> <!-- com.yanxiu.test.BaseCase -->
    </test> <!-- Default test -->
  </suite> <!-- Default suite -->
</testng-results>
