<?xml version="1.0" encoding="UTF-8"?>
<testng-results skipped="0" failed="0" total="5" passed="5">
  <reporter-output>
  </reporter-output>
  <suite name="Default suite" duration-ms="183" started-at="2016-09-23T05:34:09Z" finished-at="2016-09-23T05:34:09Z">
    <groups>
    </groups>
    <test name="Default test" duration-ms="183" started-at="2016-09-23T05:34:09Z" finished-at="2016-09-23T05:34:09Z">
      <class name="com.yanxiu.test.TestLogin">
        <test-method status="PASS" signature="testLogin(java.lang.String, java.lang.String, java.lang.String, java.lang.String, org.json.JSONObject)[pri:0, instance:com.yanxiu.test.TestLogin@4c70fda8]" name="testLogin" duration-ms="11" started-at="2016-09-23T13:34:09Z" data-provider="loginInfo" finished-at="2016-09-23T13:34:09Z">
          <params>
            <param index="0">
              <value>
                <![CDATA[testLoginwithCorrectInfo]]>
              </value>
            </param>
            <param index="1">
              <value>
                <![CDATA[http://u.yanxiu.com/login.json]]>
              </value>
            </param>
            <param index="2">
              <value>
                <![CDATA[loginName=XY02735506@yanxiu.com&password=123456&]]>
              </value>
            </param>
            <param index="3">
              <value>
                <![CDATA[GET]]>
              </value>
            </param>
            <param index="4">
              <value>
                <![CDATA[{"$schema":"http://json-schema.org/draft-04/schema#","type":"object","properties":{"head":{"type":"string"},"uid":{"type":"integer"},"code":{"type":"integer","enum":[0]},"debug":{"type":"string"},"data":{"type":"string"},"uname":{"type":"string"},"actiFlag":{"type":"integer"},"desc":{"type":"string"},"token":{"type":"string"}},"required":["code","data","desc","token","actiFlag","uid","uname","head","debug"]}]]>
              </value>
            </param>
          </params>
          <reporter-output>
          </reporter-output>
        </test-method> <!-- testLogin -->
        <test-method status="PASS" signature="testLogin(java.lang.String, java.lang.String, java.lang.String, java.lang.String, org.json.JSONObject)[pri:0, instance:com.yanxiu.test.TestLogin@4c70fda8]" name="testLogin" duration-ms="3" started-at="2016-09-23T13:34:09Z" data-provider="loginInfo" finished-at="2016-09-23T13:34:09Z">
          <params>
            <param index="0">
              <value>
                <![CDATA[testLoginwithIncorrectPassword]]>
              </value>
            </param>
            <param index="1">
              <value>
                <![CDATA[http://u.yanxiu.com/login.json]]>
              </value>
            </param>
            <param index="2">
              <value>
                <![CDATA[loginName=XY02735506@yanxiu.com&password=12345&]]>
              </value>
            </param>
            <param index="3">
              <value>
                <![CDATA[GET]]>
              </value>
            </param>
            <param index="4">
              <value>
                <![CDATA[{"$schema":"http://json-schema.org/draft-04/schema#","type":"object","properties":{"code":{"type":"integer","enum":[1]},"data":{"type":"string"},"desc":{"type":"string","enum":["密码错误"]}},"required":["code","data","desc"]}]]>
              </value>
            </param>
          </params>
          <reporter-output>
          </reporter-output>
        </test-method> <!-- testLogin -->
        <test-method status="PASS" signature="testLogin(java.lang.String, java.lang.String, java.lang.String, java.lang.String, org.json.JSONObject)[pri:0, instance:com.yanxiu.test.TestLogin@4c70fda8]" name="testLogin" duration-ms="2" started-at="2016-09-23T13:34:09Z" data-provider="loginInfo" finished-at="2016-09-23T13:34:09Z">
          <params>
            <param index="0">
              <value>
                <![CDATA[testLoginwithNonExistUser]]>
              </value>
            </param>
            <param index="1">
              <value>
                <![CDATA[http://u.yanxiu.com/login.json]]>
              </value>
            </param>
            <param index="2">
              <value>
                <![CDATA[loginName=XY78&password=123456&]]>
              </value>
            </param>
            <param index="3">
              <value>
                <![CDATA[GET]]>
              </value>
            </param>
            <param index="4">
              <value>
                <![CDATA[{"$schema":"http://json-schema.org/draft-04/schema#","type":"object","properties":{"code":{"type":"integer","enum":[1]},"data":{"type":"string"},"desc":{"type":"string","enum":["用户不存在"]}},"required":["code","data","desc"]}]]>
              </value>
            </param>
          </params>
          <reporter-output>
          </reporter-output>
        </test-method> <!-- testLogin -->
        <test-method status="PASS" signature="testLogin(java.lang.String, java.lang.String, java.lang.String, java.lang.String, org.json.JSONObject)[pri:0, instance:com.yanxiu.test.TestLogin@4c70fda8]" name="testLogin" duration-ms="3" started-at="2016-09-23T13:34:09Z" data-provider="loginInfo" finished-at="2016-09-23T13:34:09Z">
          <params>
            <param index="0">
              <value>
                <![CDATA[testLoginWithoutLoginName]]>
              </value>
            </param>
            <param index="1">
              <value>
                <![CDATA[http://u.yanxiu.com/login.json]]>
              </value>
            </param>
            <param index="2">
              <value>
                <![CDATA[password=123456&]]>
              </value>
            </param>
            <param index="3">
              <value>
                <![CDATA[GET]]>
              </value>
            </param>
            <param index="4">
              <value>
                <![CDATA[{"$schema":"http://json-schema.org/draft-04/schema#","type":"object","properties":{"code":{"type":"integer","enum":[1]},"data":{"type":"string"},"desc":{"type":"string","enum":["登录名和密码必填"]}},"required":["code","data","desc"]}]]>
              </value>
            </param>
          </params>
          <reporter-output>
          </reporter-output>
        </test-method> <!-- testLogin -->
        <test-method status="PASS" signature="testLogin(java.lang.String, java.lang.String, java.lang.String, java.lang.String, org.json.JSONObject)[pri:0, instance:com.yanxiu.test.TestLogin@4c70fda8]" name="testLogin" duration-ms="4" started-at="2016-09-23T13:34:09Z" data-provider="loginInfo" finished-at="2016-09-23T13:34:09Z">
          <params>
            <param index="0">
              <value>
                <![CDATA[testLoginWithoutPassword]]>
              </value>
            </param>
            <param index="1">
              <value>
                <![CDATA[http://u.yanxiu.com/login.json]]>
              </value>
            </param>
            <param index="2">
              <value>
                <![CDATA[loginName=XY02735506@yanxiu.com&]]>
              </value>
            </param>
            <param index="3">
              <value>
                <![CDATA[GET]]>
              </value>
            </param>
            <param index="4">
              <value>
                <![CDATA[{"$schema":"http://json-schema.org/draft-04/schema#","type":"object","properties":{"code":{"type":"integer","enum":[1]},"data":{"type":"string"},"desc":{"type":"string","enum":["登录名和密码必填"]}},"required":["code","data","desc"]}]]>
              </value>
            </param>
          </params>
          <reporter-output>
          </reporter-output>
        </test-method> <!-- testLogin -->
      </class> <!-- com.yanxiu.test.TestLogin -->
    </test> <!-- Default test -->
  </suite> <!-- Default suite -->
</testng-results>
